<?xml version="1.0" encoding="UTF-8"?>
<!-- Generated by org.testng.reporters.JUnitReportReporter -->
<testsuite hostname="LFR041747" failures="0" tests="1" name="test.test1" time="20.073" errors="0" timestamp="27 nov. 2020 14:46:08 GMT" skipped="0">
  <testcase classname="test.test1" name="test" time="20.073"/>
</testsuite> <!-- test.test1 -->
