<?xml version="1.0" encoding="UTF-8"?>
<!-- Generated by org.testng.reporters.JUnitReportReporter -->
<testsuite hostname="LFR041747" failures="0" tests="1" name="test.Exo.Exo1bis" time="0.796" errors="0" timestamp="28 nov. 2020 20:37:56 GMT" skipped="0">
  <testcase classname="test.Exo.Exo1bis" name="test" time="0.796"/>
</testsuite> <!-- test.Exo.Exo1bis -->
