<?xml version="1.0" encoding="UTF-8"?>
<!-- Generated by org.testng.reporters.JUnitReportReporter -->
<testsuite hostname="LFR041747" failures="0" tests="1" name="test.Exo.Exo1ter" time="0.911" errors="0" timestamp="28 nov. 2020 20:39:07 GMT" skipped="0">
  <testcase classname="test.Exo.Exo1ter" name="test" time="0.911"/>
</testsuite> <!-- test.Exo.Exo1ter -->
