<?xml version="1.0" encoding="UTF-8"?>
<!-- Generated by org.testng.reporters.JUnitReportReporter -->
<testsuite hostname="LFR041747" failures="0" tests="2" name="test.Exo.Exo0" time="0.007" errors="0" timestamp="28 nov. 2020 19:53:21 GMT" skipped="0">
  <testcase classname="test.Exo.Exo0" name="test" time="0.006"/>
  <testcase classname="test.Exo.Exo0" name="test2" time="0.001"/>
</testsuite> <!-- test.Exo.Exo0 -->
