<?xml version="1.0" encoding="UTF-8"?>
<!-- Generated by org.testng.reporters.JUnitReportReporter -->
<testsuite hostname="LFR041747" failures="0" tests="2" name="test.Exo.Exo2" time="2.476" errors="0" timestamp="30 nov. 2020 17:34:49 GMT" skipped="0">
  <testcase classname="test.Exo.Exo2" name="test" time="1.562"/>
  <testcase classname="test.Exo.Exo2" name="test2" time="0.914"/>
</testsuite> <!-- test.Exo.Exo2 -->
