<?xml version="1.0" encoding="UTF-8"?>
<!-- Generated by org.testng.reporters.JUnitReportReporter -->
<testsuite hostname="LFR041747" failures="0" tests="1" name="test.Exo.Exo3" time="16.147" errors="0" timestamp="01 dÃ©c. 2020 21:16:43 GMT" skipped="0">
  <testcase classname="test.Exo.Exo3" name="test" time="16.147"/>
</testsuite> <!-- test.Exo.Exo3 -->
